
 fe80::fc1d:efca:2bb6:3c4 2018-01-25 Chrome -rportal-index.php-dashboard Mozilla/5.0 (Windows NT 6.1; Win64; x64) AppleWebKit/537.36 (KHTML, like Gecko) Chrome/63.0.3239.132 Safari/537.36
 fe80::fc1d:efca:2bb6:3c4 2018-01-25 Chrome -rportal-index.php-setting Mozilla/5.0 (Windows NT 6.1; Win64; x64) AppleWebKit/537.36 (KHTML, like Gecko) Chrome/63.0.3239.132 Safari/537.36
 fe80::fc1d:efca:2bb6:3c4 2018-01-25 Chrome -rportal-index.php-setting Mozilla/5.0 (Windows NT 6.1; Win64; x64) AppleWebKit/537.36 (KHTML, like Gecko) Chrome/63.0.3239.132 Safari/537.36
 fe80::fc1d:efca:2bb6:3c4 2018-01-25 Chrome -rportal-index.php-setting Mozilla/5.0 (Windows NT 6.1; Win64; x64) AppleWebKit/537.36 (KHTML, like Gecko) Chrome/63.0.3239.132 Safari/537.36
 fe80::fc1d:efca:2bb6:3c4 2018-01-25 Chrome -rportal-index.php-setting Mozilla/5.0 (Windows NT 6.1; Win64; x64) AppleWebKit/537.36 (KHTML, like Gecko) Chrome/63.0.3239.132 Safari/537.36
 fe80::fc1d:efca:2bb6:3c4 2018-01-25 Chrome -rportal-index.php-setting Mozilla/5.0 (Windows NT 6.1; Win64; x64) AppleWebKit/537.36 (KHTML, like Gecko) Chrome/63.0.3239.132 Safari/537.36
 192.168.254.102 2018-01-25 Chrome -rportal-index.php-setting Mozilla/5.0 (Windows NT 6.1; Win64; x64) AppleWebKit/537.36 (KHTML, like Gecko) Chrome/63.0.3239.132 Safari/537.36
 192.168.254.102 2018-01-25 Chrome -rportal-index.php-setting Mozilla/5.0 (Windows NT 6.1; Win64; x64) AppleWebKit/537.36 (KHTML, like Gecko) Chrome/63.0.3239.132 Safari/537.36
 192.168.254.102 2018-01-25 Chrome -rportal-index.php-setting Mozilla/5.0 (Windows NT 6.1; Win64; x64) AppleWebKit/537.36 (KHTML, like Gecko) Chrome/63.0.3239.132 Safari/537.36
 192.168.254.102 2018-01-25 Chrome -rportal-index.php-setting Mozilla/5.0 (Windows NT 6.1; Win64; x64) AppleWebKit/537.36 (KHTML, like Gecko) Chrome/63.0.3239.132 Safari/537.36
 192.168.254.102 2018-01-25 Chrome -rportal-index.php-setting Mozilla/5.0 (Windows NT 6.1; Win64; x64) AppleWebKit/537.36 (KHTML, like Gecko) Chrome/63.0.3239.132 Safari/537.36
 192.168.254.102 2018-01-25 Chrome -rportal-index.php-setting Mozilla/5.0 (Windows NT 6.1; Win64; x64) AppleWebKit/537.36 (KHTML, like Gecko) Chrome/63.0.3239.132 Safari/537.36
 fe80::fc1d:efca:2bb6:3c4 2018-01-25 Chrome -rportal-index.php-setting Mozilla/5.0 (Windows NT 6.1; Win64; x64) AppleWebKit/537.36 (KHTML, like Gecko) Chrome/63.0.3239.132 Safari/537.36
 fe80::fc1d:efca:2bb6:3c4 2018-01-25 Chrome -rportal-index.php-setting Mozilla/5.0 (Windows NT 6.1; Win64; x64) AppleWebKit/537.36 (KHTML, like Gecko) Chrome/63.0.3239.132 Safari/537.36
 fe80::fc1d:efca:2bb6:3c4 2018-01-25 Chrome -rportal-index.php-accounts-guest Mozilla/5.0 (Windows NT 6.1; Win64; x64) AppleWebKit/537.36 (KHTML, like Gecko) Chrome/63.0.3239.132 Safari/537.36
 fe80::fc1d:efca:2bb6:3c4 2018-01-25 Chrome -rportal-index.php-dashboard Mozilla/5.0 (Windows NT 6.1; Win64; x64) AppleWebKit/537.36 (KHTML, like Gecko) Chrome/63.0.3239.132 Safari/537.36
 fe80::fc1d:efca:2bb6:3c4 2018-01-25 Chrome -rportal-index.php-file Mozilla/5.0 (Windows NT 6.1; Win64; x64) AppleWebKit/537.36 (KHTML, like Gecko) Chrome/63.0.3239.132 Safari/537.36
 fe80::fc1d:efca:2bb6:3c4 2018-01-25 Chrome -rportal-index.php-file-add Mozilla/5.0 (Windows NT 6.1; Win64; x64) AppleWebKit/537.36 (KHTML, like Gecko) Chrome/63.0.3239.132 Safari/537.36
 fe80::fc1d:efca:2bb6:3c4 2018-01-25 Chrome -rportal-index.php-dashboard Mozilla/5.0 (Windows NT 6.1; Win64; x64) AppleWebKit/537.36 (KHTML, like Gecko) Chrome/63.0.3239.132 Safari/537.36
 fe80::fc1d:efca:2bb6:3c4 2018-01-25 Chrome -rportal-index.php-dashboard Mozilla/5.0 (Windows NT 6.1; Win64; x64) AppleWebKit/537.36 (KHTML, like Gecko) Chrome/63.0.3239.132 Safari/537.36
 fe80::fc1d:efca:2bb6:3c4 2018-01-25 Chrome -rportal-index.php-file Mozilla/5.0 (Windows NT 6.1; Win64; x64) AppleWebKit/537.36 (KHTML, like Gecko) Chrome/63.0.3239.132 Safari/537.36
 fe80::fc1d:efca:2bb6:3c4 2018-01-25 Chrome -rportal-index.php-file-edit Mozilla/5.0 (Windows NT 6.1; Win64; x64) AppleWebKit/537.36 (KHTML, like Gecko) Chrome/63.0.3239.132 Safari/537.36
 fe80::fc1d:efca:2bb6:3c4 2018-01-25 Chrome -rportal-index.php-file Mozilla/5.0 (Windows NT 6.1; Win64; x64) AppleWebKit/537.36 (KHTML, like Gecko) Chrome/63.0.3239.132 Safari/537.36
 fe80::fc1d:efca:2bb6:3c4 2018-01-25 Chrome -rportal-index.php-file Mozilla/5.0 (Windows NT 6.1; Win64; x64) AppleWebKit/537.36 (KHTML, like Gecko) Chrome/63.0.3239.132 Safari/537.36
 fe80::fc1d:efca:2bb6:3c4 2018-01-25 Chrome -rportal-index.php-file-edit Mozilla/5.0 (Windows NT 6.1; Win64; x64) AppleWebKit/537.36 (KHTML, like Gecko) Chrome/63.0.3239.132 Safari/537.36
 fe80::50eb:6415:ff53:b8ac 2018-01-25 Chrome -rportal-index.php-dashboard Mozilla/5.0 (Windows NT 6.1) AppleWebKit/537.36 (KHTML, like Gecko) Chrome/63.0.3239.132 Safari/537.36
 fe80::50eb:6415:ff53:b8ac 2018-01-25 Chrome -rportal-index.php-file Mozilla/5.0 (Windows NT 6.1) AppleWebKit/537.36 (KHTML, like Gecko) Chrome/63.0.3239.132 Safari/537.36
 fe80::50eb:6415:ff53:b8ac 2018-01-25 Chrome -rportal-index.php-file-add Mozilla/5.0 (Windows NT 6.1) AppleWebKit/537.36 (KHTML, like Gecko) Chrome/63.0.3239.132 Safari/537.36
 fe80::50eb:6415:ff53:b8ac 2018-01-25 Chrome -rportal-index.php-file-add Mozilla/5.0 (Windows NT 6.1) AppleWebKit/537.36 (KHTML, like Gecko) Chrome/63.0.3239.132 Safari/537.36
 fe80::fc1d:efca:2bb6:3c4 2018-01-25 Chrome -rportal-index.php-dashboard Mozilla/5.0 (Windows NT 6.1; Win64; x64) AppleWebKit/537.36 (KHTML, like Gecko) Chrome/63.0.3239.132 Safari/537.36
 fe80::fc1d:efca:2bb6:3c4 2018-01-25 Chrome -rportal-index.php-setting Mozilla/5.0 (Windows NT 6.1; Win64; x64) AppleWebKit/537.36 (KHTML, like Gecko) Chrome/63.0.3239.132 Safari/537.36
 fe80::fc1d:efca:2bb6:3c4 2018-01-25 Chrome -rportal-index.php-setting Mozilla/5.0 (Windows NT 6.1; Win64; x64) AppleWebKit/537.36 (KHTML, like Gecko) Chrome/63.0.3239.132 Safari/537.36
 fe80::fc1d:efca:2bb6:3c4 2018-01-25 Chrome -rportal-index.php-setting Mozilla/5.0 (Windows NT 6.1; Win64; x64) AppleWebKit/537.36 (KHTML, like Gecko) Chrome/63.0.3239.132 Safari/537.36
 fe80::fc1d:efca:2bb6:3c4 2018-01-25 Chrome -rportal-index.php-setting Mozilla/5.0 (Windows NT 6.1; Win64; x64) AppleWebKit/537.36 (KHTML, like Gecko) Chrome/63.0.3239.132 Safari/537.36
 fe80::fc1d:efca:2bb6:3c4 2018-01-25 Chrome -rportal-index.php-setting Mozilla/5.0 (Windows NT 6.1; Win64; x64) AppleWebKit/537.36 (KHTML, like Gecko) Chrome/63.0.3239.132 Safari/537.36
 fe80::fc1d:efca:2bb6:3c4 2018-01-25 Chrome -rportal-index.php-setting Mozilla/5.0 (Windows NT 6.1; Win64; x64) AppleWebKit/537.36 (KHTML, like Gecko) Chrome/63.0.3239.132 Safari/537.36
 fe80::fc1d:efca:2bb6:3c4 2018-01-25 Chrome -rportal-index.php-setting Mozilla/5.0 (Windows NT 6.1; Win64; x64) AppleWebKit/537.36 (KHTML, like Gecko) Chrome/63.0.3239.132 Safari/537.36
 fe80::fc1d:efca:2bb6:3c4 2018-01-25 Chrome -rportal-index.php-setting Mozilla/5.0 (Windows NT 6.1; Win64; x64) AppleWebKit/537.36 (KHTML, like Gecko) Chrome/63.0.3239.132 Safari/537.36
 fe80::fc1d:efca:2bb6:3c4 2018-01-25 Chrome -rportal-index.php-dashboard Mozilla/5.0 (Windows NT 6.1; Win64; x64) AppleWebKit/537.36 (KHTML, like Gecko) Chrome/63.0.3239.132 Safari/537.36
 fe80::fc1d:efca:2bb6:3c4 2018-01-25 Chrome -rportal-index.php-dashboard Mozilla/5.0 (Windows NT 6.1; Win64; x64) AppleWebKit/537.36 (KHTML, like Gecko) Chrome/63.0.3239.132 Safari/537.36
 fe80::fc1d:efca:2bb6:3c4 2018-01-25 Chrome -rportal-index.php-file Mozilla/5.0 (Windows NT 6.1; Win64; x64) AppleWebKit/537.36 (KHTML, like Gecko) Chrome/63.0.3239.132 Safari/537.36
 fe80::fc1d:efca:2bb6:3c4 2018-01-25 Chrome -rportal-index.php-setting Mozilla/5.0 (Windows NT 6.1; Win64; x64) AppleWebKit/537.36 (KHTML, like Gecko) Chrome/63.0.3239.132 Safari/537.36
 fe80::fc1d:efca:2bb6:3c4 2018-01-25 Chrome -rportal-index.php-file Mozilla/5.0 (Windows NT 6.1; Win64; x64) AppleWebKit/537.36 (KHTML, like Gecko) Chrome/63.0.3239.132 Safari/537.36
 fe80::fc1d:efca:2bb6:3c4 2018-01-25 Chrome -rportal-index.php-file-edit Mozilla/5.0 (Windows NT 6.1; Win64; x64) AppleWebKit/537.36 (KHTML, like Gecko) Chrome/63.0.3239.132 Safari/537.36
 fe80::fc1d:efca:2bb6:3c4 2018-01-25 Chrome -rportal-index.php-dashboard Mozilla/5.0 (Windows NT 6.1; Win64; x64) AppleWebKit/537.36 (KHTML, like Gecko) Chrome/63.0.3239.132 Safari/537.36
 fe80::fc1d:efca:2bb6:3c4 2018-01-25 Chrome -rportal-index.php-file Mozilla/5.0 (Windows NT 6.1; Win64; x64) AppleWebKit/537.36 (KHTML, like Gecko) Chrome/63.0.3239.132 Safari/537.36
 fe80::fc1d:efca:2bb6:3c4 2018-01-25 Chrome -rportal-index.php-file-edit Mozilla/5.0 (Windows NT 6.1; Win64; x64) AppleWebKit/537.36 (KHTML, like Gecko) Chrome/63.0.3239.132 Safari/537.36
 fe80::fc1d:efca:2bb6:3c4 2018-01-25 Chrome -rportal-index.php-file Mozilla/5.0 (Windows NT 6.1; Win64; x64) AppleWebKit/537.36 (KHTML, like Gecko) Chrome/63.0.3239.132 Safari/537.36
 fe80::fc1d:efca:2bb6:3c4 2018-01-25 Chrome -rportal-index.php-file-edit Mozilla/5.0 (Windows NT 6.1; Win64; x64) AppleWebKit/537.36 (KHTML, like Gecko) Chrome/63.0.3239.132 Safari/537.36
 fe80::fc1d:efca:2bb6:3c4 2018-01-25 Chrome -rportal-index.php-file Mozilla/5.0 (Windows NT 6.1; Win64; x64) AppleWebKit/537.36 (KHTML, like Gecko) Chrome/63.0.3239.132 Safari/537.36
 fe80::fc1d:efca:2bb6:3c4 2018-01-25 Chrome -rportal-index.php-file Mozilla/5.0 (Windows NT 6.1; Win64; x64) AppleWebKit/537.36 (KHTML, like Gecko) Chrome/63.0.3239.132 Safari/537.36
 fe80::fc1d:efca:2bb6:3c4 2018-01-25 Chrome -rportal-index.php-file-edit Mozilla/5.0 (Windows NT 6.1; Win64; x64) AppleWebKit/537.36 (KHTML, like Gecko) Chrome/63.0.3239.132 Safari/537.36
 fe80::fc1d:efca:2bb6:3c4 2018-01-25 Chrome -rportal-index.php-file Mozilla/5.0 (Windows NT 6.1; Win64; x64) AppleWebKit/537.36 (KHTML, like Gecko) Chrome/63.0.3239.132 Safari/537.36